\BOOKMARK [0][]{chapter.1}{\376\377\0001\000\040\000I\000n\000t\000r\000o\000d\000d\000u\000c\000t\000i\000o\000n}{}% 1
\BOOKMARK [1][-]{section.1.1}{\376\377\0001\000.\0001\000\040\000s\000e\000t\000u\000p\000.\000t\000e\000x}{chapter.1}% 2
\BOOKMARK [0][]{chapter.2}{\376\377\0002\000\040\000T\000h\000e\000o\000r\000y}{}% 3
\BOOKMARK [1][-]{section.2.1}{\376\377\0002\000.\0001\000\040\000N\000M\000R}{chapter.2}% 4
\BOOKMARK [2][-]{subsection.2.1.1}{\376\377\0002\000.\0001\000.\0001\000\040\000L\000a\000r\000m\000o\000r\000\040\000f\000r\000e\000q\000u\000e\000n\000c\000y}{section.2.1}% 5
\BOOKMARK [2][-]{subsection.2.1.2}{\376\377\0002\000.\0001\000.\0002\000\040\000C\000h\000e\000m\000i\000c\000a\000l\000\040\000s\000h\000i\000f\000t}{section.2.1}% 6
\BOOKMARK [2][-]{subsection.2.1.3}{\376\377\0002\000.\0001\000.\0003\000\040\000J\000-\000c\000o\000u\000p\000l\000i\000n\000g}{section.2.1}% 7
\BOOKMARK [2][-]{subsection.2.1.4}{\376\377\0002\000.\0001\000.\0004\000\040\000F\000l\000i\000p\000\040\000a\000n\000g\000l\000e}{section.2.1}% 8
\BOOKMARK [2][-]{subsection.2.1.5}{\376\377\0002\000.\0001\000.\0005\000\040\000A\000\040\000s\000i\000m\000p\000l\000e\000\040\000N\000M\000R\000\040\000e\000x\000p\000e\000r\000i\000m\000e\000n\000t}{section.2.1}% 9
\BOOKMARK [2][-]{subsection.2.1.6}{\376\377\0002\000.\0001\000.\0006\000\040\000R\000e\000l\000a\000x\000a\000t\000i\000o\000n}{section.2.1}% 10
\BOOKMARK [2][-]{subsection.2.1.7}{\376\377\0002\000.\0001\000.\0007\000\040\000F\000i\000e\000l\000d\000\040\000G\000r\000a\000d\000i\000e\000n\000t\000s}{section.2.1}% 11
\BOOKMARK [2][-]{subsection.2.1.8}{\376\377\0002\000.\0001\000.\0008\000\040\0002\000D\000-\000N\000M\000R}{section.2.1}% 12
\BOOKMARK [1][-]{section.2.2}{\376\377\0002\000.\0002\000\040\000N\000u\000c\000l\000e\000i\000\040\000a\000n\000d\000\040\000S\000p\000i\000n\000s}{chapter.2}% 13
\BOOKMARK [2][-]{subsection.2.2.1}{\376\377\0002\000.\0002\000.\0001\000\040\000R\000a\000d\000i\000o\000f\000r\000e\000q\000u\000e\000n\000c\000y\000\040\000p\000u\000l\000s\000e\000s}{section.2.2}% 14
\BOOKMARK [1][-]{section.2.3}{\376\377\0002\000.\0003\000\040\000M\000R\000I}{chapter.2}% 15
\BOOKMARK [2][-]{subsection.2.3.1}{\376\377\0002\000.\0003\000.\0001\000\040\000M\000R\000I\000\040\000i\000n\000\040\000M\000e\000d\000i\000c\000i\000n\000e}{section.2.3}% 16
\BOOKMARK [2][-]{subsection.2.3.2}{\376\377\0002\000.\0003\000.\0002\000\040\000S\000l\000i\000c\000e\000\040\000s\000e\000l\000e\000c\000t\000i\000o\000n}{section.2.3}% 17
\BOOKMARK [2][-]{subsection.2.3.3}{\376\377\0002\000.\0003\000.\0003\000\040\000F\000r\000e\000q\000u\000e\000n\000c\000y\000\040\000e\000n\000c\000o\000d\000i\000n\000g}{section.2.3}% 18
\BOOKMARK [2][-]{subsection.2.3.4}{\376\377\0002\000.\0003\000.\0004\000\040\000P\000h\000a\000s\000e\000\040\000e\000n\000c\000o\000d\000i\000n\000g}{section.2.3}% 19
\BOOKMARK [1][-]{section.2.4}{\376\377\0002\000.\0004\000\040\000H\000y\000p\000e\000r\000p\000o\000l\000a\000r\000i\000z\000a\000t\000i\000o\000n}{chapter.2}% 20
\BOOKMARK [2][-]{subsection.2.4.1}{\376\377\0002\000.\0004\000.\0001\000\040\000D\000y\000n\000a\000m\000i\000c\000\040\000n\000u\000c\000l\000e\000a\000r\000\040\000p\000o\000l\000a\000r\000i\000z\000a\000t\000i\000o\000n}{section.2.4}% 21
\BOOKMARK [2][-]{subsection.2.4.2}{\376\377\0002\000.\0004\000.\0002\000\040\000H\000y\000p\000e\000r\000p\000o\000l\000a\000r\000i\000z\000a\000t\000i\000o\000n\000\040\000o\000f\000\040\000N\000o\000b\000l\000e\000\040\000G\000a\000s\000e\000s}{section.2.4}% 22
\BOOKMARK [2][-]{subsection.2.4.3}{\376\377\0002\000.\0004\000.\0003\000\040\000B\000r\000u\000t\000e\000\040\000F\000o\000r\000c\000e\000\040\000H\000y\000p\000e\000r\000p\000o\000l\000a\000r\000i\000z\000a\000t\000i\000o\000n}{section.2.4}% 23
\BOOKMARK [2][-]{subsection.2.4.4}{\376\377\0002\000.\0004\000.\0004\000\040\000P\000a\000r\000a\000h\000y\000d\000r\000o\000g\000e\000n\000\040\000i\000n\000d\000u\000c\000e\000d\000\040\000H\000y\000p\000e\000r\000p\000o\000l\000a\000r\000i\000z\000a\000t\000i\000o\000n}{section.2.4}% 24
\BOOKMARK [0][]{chapter.3}{\376\377\0003\000\040\000M\000a\000t\000e\000r\000i\000a\000l\000s\000\040\000a\000n\000d\000\040\000M\000e\000t\000h\000o\000d\000s}{}% 25
\BOOKMARK [1][-]{section.3.1}{\376\377\0003\000.\0001\000\040\000L\000o\000w\000\040\000f\000i\000e\000l\000d\000\040\000N\000M\000R}{chapter.3}% 26
\BOOKMARK [2][-]{subsection.3.1.1}{\376\377\0003\000.\0001\000.\0001\000\040\000S\000t\000a\000t\000i\000c\000\040\000M\000a\000g\000n\000e\000t\000i\000c\000\040\000F\000i\000e\000l\000d}{section.3.1}% 27
\BOOKMARK [2][-]{subsection.3.1.2}{\376\377\0003\000.\0001\000.\0002\000\040\000R\000a\000d\000i\000o\000f\000r\000e\000q\000u\000e\000n\000c\000y\000\040\000E\000x\000c\000i\000t\000a\000t\000i\000o\000n}{section.3.1}% 28
\BOOKMARK [2][-]{subsection.3.1.3}{\376\377\0003\000.\0001\000.\0003\000\040\000S\000o\000f\000t\000w\000a\000r\000e\000\040\000c\000o\000n\000t\000r\000o\000l}{section.3.1}% 29
\BOOKMARK [2][-]{subsection.3.1.4}{\376\377\0003\000.\0001\000.\0004\000\040\000D\000a\000t\000a\000\040\000R\000e\000a\000d\000o\000u\000t}{section.3.1}% 30
\BOOKMARK [2][-]{subsection.3.1.5}{\376\377\0003\000.\0001\000.\0005\000\040\000S\000h\000i\000m\000\040\000S\000y\000s\000t\000e\000m}{section.3.1}% 31
\BOOKMARK [1][-]{section.3.2}{\376\377\0003\000.\0002\000\040\000M\000a\000g\000r\000i\000t\000e\000k\000\040\000L\000o\000w\000\040\000F\000i\000e\000l\000d\000\040\000M\000R\000I}{chapter.3}% 32
\BOOKMARK [1][-]{section.3.3}{\376\377\0003\000.\0003\000\040\000B\000r\000u\000k\000e\000r\000\040\000L\000o\000w\000\040\000F\000i\000e\000l\000d\000\040\000M\000R\000I}{chapter.3}% 33
\BOOKMARK [2][-]{subsection.3.3.1}{\376\377\0003\000.\0003\000.\0001\000\040\000G\000r\000a\000d\000i\000e\000n\000t\000\040\000C\000o\000i\000l\000\040\000S\000e\000t\000u\000p}{section.3.3}% 34
\BOOKMARK [2][-]{subsection.3.3.2}{\376\377\0003\000.\0003\000.\0002\000\040\000S\000i\000g\000n\000a\000l\000\040\000m\000i\000x\000e\000r}{section.3.3}% 35
\BOOKMARK [2][-]{subsection.3.3.3}{\376\377\0003\000.\0003\000.\0003\000\040\000R\000e\000c\000e\000i\000v\000e\000\040\000c\000o\000i\000l}{section.3.3}% 36
\BOOKMARK [2][-]{subsection.3.3.4}{\376\377\0003\000.\0003\000.\0004\000\040\000P\000a\000r\000a\000v\000i\000s\000i\000o\000n\000\040\000a\000n\000d\000\040\000T\000o\000p\000s\000p\000i\000n\000\040\000s\000o\000f\000t\000w\000a\000r\000e}{section.3.3}% 37
\BOOKMARK [1][-]{section.3.4}{\376\377\0003\000.\0004\000\040\000H\000i\000g\000h\000\040\000f\000i\000e\000l\000d\000\040\000M\000R\000I}{chapter.3}% 38
\BOOKMARK [2][-]{subsection.3.4.1}{\376\377\0003\000.\0004\000.\0001\000\040\000M\000R\000I\000\040\000H\000a\000r\000d\000w\000a\000r\000e}{section.3.4}% 39
\BOOKMARK [2][-]{subsection.3.4.2}{\376\377\0003\000.\0004\000.\0002\000\040\000P\000a\000r\000a\000v\000i\000s\000i\000o\000n\000\040\000S\000o\000f\000t\000w\000a\000r\000e}{section.3.4}% 40
\BOOKMARK [2][-]{subsection.3.4.3}{\376\377\0003\000.\0004\000.\0003\000\040\000C\000u\000s\000t\000o\000m\000\040\000H\000i\000g\000h\000\040\000F\000i\000e\000l\000d\000\040\000C\000o\000i\000l\000s}{section.3.4}% 41
\BOOKMARK [1][-]{section.3.5}{\376\377\0003\000.\0005\000\040\000S\000h\000u\000t\000t\000l\000i\000n\000g\000\040\000s\000y\000s\000t\000e\000m}{chapter.3}% 42
\BOOKMARK [2][-]{subsection.3.5.1}{\376\377\0003\000.\0005\000.\0001\000\040\000M\000a\000g\000n\000e\000t\000i\000c\000\040\000S\000h\000i\000e\000l\000d\000i\000n\000g}{section.3.5}% 43
\BOOKMARK [2][-]{subsection.3.5.2}{\376\377\0003\000.\0005\000.\0002\000\040\000L\000o\000w\000\040\000F\000i\000e\000l\000d\000\040\000R\000e\000a\000c\000t\000o\000r}{section.3.5}% 44
\BOOKMARK [2][-]{subsection.3.5.3}{\376\377\0003\000.\0005\000.\0003\000\040\000H\000i\000g\000h\000\040\000F\000i\000e\000l\000d\000\040\000P\000r\000o\000b\000e}{section.3.5}% 45
\BOOKMARK [2][-]{subsection.3.5.4}{\376\377\0003\000.\0005\000.\0004\000\040\000F\000l\000u\000i\000d\000\040\000h\000a\000n\000d\000l\000i\000n\000g\000\040\000s\000y\000s\000t\000e\000m}{section.3.5}% 46
\BOOKMARK [1][-]{section.3.6}{\376\377\0003\000.\0006\000\040\000F\000l\000u\000x\000g\000a\000t\000e\000\040\000F\000i\000e\000l\000d\000\040\000P\000r\000o\000b\000e}{chapter.3}% 47
\BOOKMARK [2][-]{subsection.3.6.1}{\376\377\0003\000.\0006\000.\0001\000\040\000A\000r\000d\000u\000i\000n\000o\000\040\000S\000h\000i\000e\000l\000d}{section.3.6}% 48
\BOOKMARK [2][-]{subsection.3.6.2}{\376\377\0003\000.\0006\000.\0002\000\040\000T\000e\000e\000n\000s\000y\000\040\0003\000.\0006}{section.3.6}% 49
\BOOKMARK [0][]{chapter.4}{\376\377\0004\000\040\000S\000i\000m\000u\000l\000a\000t\000i\000o\000n\000s}{}% 50
\BOOKMARK [1][-]{section.4.1}{\376\377\0004\000.\0001\000\040\000B\000i\000o\000t\000\040\000S\000a\000v\000a\000r\000t\000\040\000f\000i\000e\000l\000d\000\040\000s\000i\000m\000u\000l\000a\000t\000i\000o\000n\000s}{chapter.4}% 51
\BOOKMARK [2][-]{subsection.4.1.1}{\376\377\0004\000.\0001\000.\0001\000\040\000B\0000\000\040\000f\000i\000e\000l\000d\000s\000\040\000i\000n\000\040\000l\000o\000w\000\040\000f\000i\000e\000l\000d\000\040\000N\000M\000R}{section.4.1}% 52
\BOOKMARK [2][-]{subsection.4.1.2}{\376\377\0004\000.\0001\000.\0002\000\040\000S\000o\000l\000e\000n\000o\000i\000d\000\040\000C\000o\000i\000l}{section.4.1}% 53
\BOOKMARK [2][-]{subsection.4.1.3}{\376\377\0004\000.\0001\000.\0003\000\040\000A\000d\000d\000i\000t\000i\000o\000n\000a\000l\000\040\000C\000o\000m\000p\000e\000n\000s\000a\000t\000i\000o\000n\000\040\000W\000i\000n\000d\000i\000n\000g\000s}{section.4.1}% 54
\BOOKMARK [2][-]{subsection.4.1.4}{\376\377\0004\000.\0001\000.\0004\000\040\000D\000u\000a\000l\000\040\000H\000e\000l\000m\000h\000o\000l\000t\000z\000\040\000A\000r\000r\000a\000y}{section.4.1}% 55
\BOOKMARK [1][-]{section.4.2}{\376\377\0004\000.\0002\000\040\000S\000i\000m\000u\000l\000a\000t\000i\000o\000n\000s\000\040\000u\000s\000i\000n\000g\000\040\000t\000h\000e\000\040\000g\000r\000o\000u\000p\000s\000'\000\040\000s\000p\000i\000n\000\040\000d\000y\000n\000a\000m\000i\000c\000s\000\050\000T\000O\000D\000O\000:\000\040\000n\000a\000m\000e\000?\000\051\000\040\000f\000r\000a\000m\000e\000w\000o\000r\000k}{chapter.4}% 56
\BOOKMARK [0][]{chapter.5}{\376\377\0005\000\040\000R\000e\000s\000u\000l\000t\000s}{}% 57
\BOOKMARK [1][-]{section.5.1}{\376\377\0005\000.\0001\000\040\000H\000a\000r\000d\000w\000a\000r\000e}{chapter.5}% 58
\BOOKMARK [2][-]{subsection.5.1.1}{\376\377\0005\000.\0001\000.\0001\000\040\000L\000o\000w\000\040\000f\000i\000e\000l\000d\000\040\000N\000M\000R}{section.5.1}% 59
\BOOKMARK [2][-]{subsection.5.1.2}{\376\377\0005\000.\0001\000.\0002\000\040\000S\000h\000i\000m\000s\000\040\000a\000n\000d\000\040\000p\000r\000o\000g\000r\000a\000m\000m\000a\000b\000l\000e\000\040\000p\000o\000w\000e\000r\000\040\000s\000u\000p\000p\000l\000y}{section.5.1}% 60
\BOOKMARK [2][-]{subsection.5.1.3}{\376\377\0005\000.\0001\000.\0003\000\040\000S\000a\000b\000r\000e\000\040\000s\000h\000u\000t\000t\000l\000i\000n\000g\000\040\000s\000y\000s\000t\000e\000m}{section.5.1}% 61
\BOOKMARK [2][-]{subsection.5.1.4}{\376\377\0005\000.\0001\000.\0004\000\040\000F\000l\000u\000x\000g\000a\000t\000e\000\040\000r\000e\000a\000d\000o\000u\000t\000\040\000e\000l\000e\000c\000t\000r\000o\000n\000i\000c\000s}{section.5.1}% 62
\BOOKMARK [2][-]{subsection.5.1.5}{\376\377\0005\000.\0001\000.\0005\000\040\000F\000l\000u\000x\000g\000a\000t\000e\000\040\000c\000a\000l\000i\000b\000r\000a\000t\000i\000o\000n}{section.5.1}% 63
\BOOKMARK [1][-]{section.5.2}{\376\377\0005\000.\0002\000\040\000M\000e\000a\000s\000u\000r\000e\000m\000e\000n\000t\000s}{chapter.5}% 64
\BOOKMARK [2][-]{subsection.5.2.1}{\376\377\0005\000.\0002\000.\0001\000\040\000L\000o\000w\000\040\000f\000i\000e\000l\000d\000\040\000N\000M\000R}{section.5.2}% 65
\BOOKMARK [2][-]{subsection.5.2.2}{\376\377\0005\000.\0002\000.\0002\000\040\000S\000a\000b\000r\000e\000\040\000i\000n\000\040\000w\000a\000t\000e\000r}{section.5.2}% 66
\BOOKMARK [2][-]{subsection.5.2.3}{\376\377\0005\000.\0002\000.\0003\000\040\000S\000a\000b\000r\000e\000\040\000i\000n\000\040\000c\000e\000l\000l\000\040\000s\000o\000l\000u\000t\000i\000o\000n\000\040\000a\000n\000d\000\040\000b\000l\000o\000o\000d}{section.5.2}% 67
\BOOKMARK [2][-]{subsection.5.2.4}{\376\377\0005\000.\0002\000.\0004\000\040\0001\0005\000N\000\040\000S\000a\000b\000r\000e}{section.5.2}% 68
\BOOKMARK [2][-]{subsection.5.2.5}{\376\377\0005\000.\0002\000.\0005\000\040\000N\000a\000n\000o\000t\000e\000s\000l\000a\000\040\000f\000i\000e\000l\000d\000\040\000m\000e\000a\000s\000u\000r\000e\000m\000e\000n\000t\000s}{section.5.2}% 69
\BOOKMARK [2][-]{subsection.5.2.6}{\376\377\0005\000.\0002\000.\0006\000\040\000H\000i\000g\000h\000\040\000f\000i\000e\000l\000d\000\040\000S\000a\000b\000r\000e}{section.5.2}% 70
\BOOKMARK [1][-]{section.5.3}{\376\377\0005\000.\0003\000\040\000S\000i\000m\000u\000l\000a\000t\000i\000o\000n\000s}{chapter.5}% 71
\BOOKMARK [2][-]{subsection.5.3.1}{\376\377\0005\000.\0003\000.\0001\000\040\000S\000t\000a\000t\000i\000c\000\040\000m\000a\000g\000n\000e\000t\000i\000c\000\040\000f\000i\000e\000l\000d\000\040\000c\000a\000l\000c\000u\000l\000a\000t\000i\000o\000n\000s}{section.5.3}% 72
\BOOKMARK [0][]{chapter.6}{\376\377\0006\000\040\000C\000o\000n\000c\000l\000u\000s\000i\000o\000n}{}% 73
\BOOKMARK [1][-]{section.6.1}{\376\377\0006\000.\0001\000\040\000B\0000\000\040\000f\000i\000e\000l\000d\000\040\000g\000e\000n\000e\000r\000a\000t\000i\000o\000n}{chapter.6}% 74
\BOOKMARK [1][-]{section.6.2}{\376\377\0006\000.\0002\000\040\000B\0001\000\040\000c\000o\000i\000l\000s}{chapter.6}% 75
\BOOKMARK [0][]{chapter.7}{\376\377\0007\000\040\000A\000c\000k\000n\000o\000w\000l\000e\000d\000g\000m\000e\000n\000t\000s}{}% 76
\BOOKMARK [0][]{chapter.7}{\376\377\000B\000i\000b\000l\000i\000o\000g\000r\000a\000p\000h\000y}{}% 77
